[2020-04-16 06:30:57] Текст ошибки: Function name must be a string | Файл: /var/www/html/shop/vendor/shop/core/Cache.php | Строка: 23
================
[2020-04-16 06:31:34] Текст ошибки: Function name must be a string | Файл: /var/www/html/shop/vendor/shop/core/Cache.php | Строка: 23
================
[2020-04-16 06:32:06] Текст ошибки: Function name must be a string | Файл: /var/www/html/shop/vendor/shop/core/Cache.php | Строка: 23
================
[2020-04-16 06:32:33] Текст ошибки: Function name must be a string | Файл: /var/www/html/shop/vendor/shop/core/Cache.php | Строка: 23
================
[2020-04-16 06:35:24] Текст ошибки: Call to a member function get() on null | Файл: /var/www/html/shop/app/controllers/MainController.php | Строка: 31
================
[2020-04-16 06:35:29] Текст ошибки: Call to a member function get() on null | Файл: /var/www/html/shop/app/controllers/MainController.php | Строка: 31
================
[2020-04-16 06:35:34] Текст ошибки: Call to a member function get() on null | Файл: /var/www/html/shop/app/controllers/MainController.php | Строка: 31
================
[2020-04-16 14:03:55] Текст ошибки: Страница не найдена | Файл: /var/www/html/shop/vendor/shop/core/Router.php | Строка: 41
================
[2020-04-16 14:03:55] Текст ошибки: Страница не найдена | Файл: /var/www/html/shop/vendor/shop/core/Router.php | Строка: 41
================
[2020-04-16 14:03:55] Текст ошибки: Страница не найдена | Файл: /var/www/html/shop/vendor/shop/core/Router.php | Строка: 41
================
[2020-04-16 14:03:55] Текст ошибки: Страница не найдена | Файл: /var/www/html/shop/vendor/shop/core/Router.php | Строка: 41
================
[2020-04-16 14:03:55] Текст ошибки: Страница не найдена | Файл: /var/www/html/shop/vendor/shop/core/Router.php | Строка: 41
================
[2020-04-16 14:03:56] Текст ошибки: Страница не найдена | Файл: /var/www/html/shop/vendor/shop/core/Router.php | Строка: 41
================
[2020-04-16 14:03:56] Текст ошибки: Страница не найдена | Файл: /var/www/html/shop/vendor/shop/core/Router.php | Строка: 41
================
[2020-04-16 14:03:56] Текст ошибки: Страница не найдена | Файл: /var/www/html/shop/vendor/shop/core/Router.php | Строка: 41
================
[2020-04-16 14:03:56] Текст ошибки: Страница не найдена | Файл: /var/www/html/shop/vendor/shop/core/Router.php | Строка: 41
================
[2020-04-16 14:03:56] Текст ошибки: Страница не найдена | Файл: /var/www/html/shop/vendor/shop/core/Router.php | Строка: 41
================
[2020-04-16 14:03:56] Текст ошибки: Страница не найдена | Файл: /var/www/html/shop/vendor/shop/core/Router.php | Строка: 41
================
[2020-04-16 14:03:56] Текст ошибки: Страница не найдена | Файл: /var/www/html/shop/vendor/shop/core/Router.php | Строка: 41
================
[2020-04-16 14:03:56] Текст ошибки: Страница не найдена | Файл: /var/www/html/shop/vendor/shop/core/Router.php | Строка: 41
================
[2020-04-16 14:03:56] Текст ошибки: Страница не найдена | Файл: /var/www/html/shop/vendor/shop/core/Router.php | Строка: 41
================
[2020-04-16 14:03:57] Текст ошибки: Страница не найдена | Файл: /var/www/html/shop/vendor/shop/core/Router.php | Строка: 41
================
[2020-04-16 14:03:57] Текст ошибки: Страница не найдена | Файл: /var/www/html/shop/vendor/shop/core/Router.php | Строка: 41
================
[2020-04-16 14:03:57] Текст ошибки: Страница не найдена | Файл: /var/www/html/shop/vendor/shop/core/Router.php | Строка: 41
================
[2020-04-16 14:03:57] Текст ошибки: Страница не найдена | Файл: /var/www/html/shop/vendor/shop/core/Router.php | Строка: 41
================
[2020-04-16 14:03:57] Текст ошибки: Страница не найдена | Файл: /var/www/html/shop/vendor/shop/core/Router.php | Строка: 41
================
[2020-04-16 14:03:57] Текст ошибки: Страница не найдена | Файл: /var/www/html/shop/vendor/shop/core/Router.php | Строка: 41
================
[2020-04-16 14:03:58] Текст ошибки: Страница не найдена | Файл: /var/www/html/shop/vendor/shop/core/Router.php | Строка: 41
================
[2020-04-16 14:04:44] Текст ошибки: Страница не найдена | Файл: /var/www/html/shop/vendor/shop/core/Router.php | Строка: 41
================
[2020-04-16 14:05:35] Текст ошибки: Страница не найдена | Файл: /var/www/html/shop/vendor/shop/core/Router.php | Строка: 41
================
[2020-04-16 15:27:04] Текст ошибки: Call to undefined function getMeta() | Файл: /var/www/html/shop/app/views/layouts/watches.php | Строка: 10
================
[2020-04-16 16:48:40] Текст ошибки: Страница не найдена | Файл: /var/www/html/shop/vendor/shop/core/Router.php | Строка: 41
================
[2020-04-16 16:48:42] Текст ошибки: Страница не найдена | Файл: /var/www/html/shop/vendor/shop/core/Router.php | Строка: 41
================
[2020-04-16 16:48:43] Текст ошибки: Страница не найдена | Файл: /var/www/html/shop/vendor/shop/core/Router.php | Строка: 41
================
[2020-04-19 21:22:22] Текст ошибки: Страница не найдена | Файл: /var/www/html/shop/vendor/shop/core/Router.php | Строка: 41
================
[2020-04-19 21:22:24] Текст ошибки: Страница не найдена | Файл: /var/www/html/shop/vendor/shop/core/Router.php | Строка: 41
================
[2020-04-21 15:29:27] Текст ошибки: Страница не найдена | Файл: /var/www/html/shop/vendor/shop/core/Router.php | Строка: 41
================
[2020-04-21 15:29:27] Текст ошибки: Страница не найдена | Файл: /var/www/html/shop/vendor/shop/core/Router.php | Строка: 41
================
[2020-04-21 15:29:32] Текст ошибки: Страница не найдена | Файл: /var/www/html/shop/vendor/shop/core/Router.php | Строка: 41
================
[2020-04-21 15:29:33] Текст ошибки: Страница не найдена | Файл: /var/www/html/shop/vendor/shop/core/Router.php | Строка: 41
================
[2020-04-21 17:12:13] Текст ошибки: Class 'R' not found | Файл: /var/www/html/shop/app/controllers/MainController.php | Строка: 8
================
[2020-04-21 17:12:14] Текст ошибки: Страница не найдена | Файл: /var/www/html/shop/vendor/shop/core/Router.php | Строка: 41
================
[2020-04-21 17:25:40] Текст ошибки: Страница не найдена | Файл: /var/www/html/shop/vendor/shop/core/Router.php | Строка: 41
================
[2020-04-21 17:25:54] Текст ошибки: Class 'app\controllers\R' not found | Файл: /var/www/html/shop/app/controllers/MainController.php | Строка: 10
================
[2020-04-21 17:32:24] Текст ошибки: Страница не найдена | Файл: /var/www/html/shop/vendor/shop/core/Router.php | Строка: 41
================
[2020-04-21 17:49:10] Текст ошибки: Страница не найдена | Файл: /var/www/html/shop/vendor/shop/core/Router.php | Строка: 41
================
[2020-04-21 17:49:10] Текст ошибки: Страница не найдена | Файл: /var/www/html/shop/vendor/shop/core/Router.php | Строка: 41
================
[2020-04-21 17:49:10] Текст ошибки: Страница не найдена | Файл: /var/www/html/shop/vendor/shop/core/Router.php | Строка: 41
================
[2020-04-21 17:49:10] Текст ошибки: Страница не найдена | Файл: /var/www/html/shop/vendor/shop/core/Router.php | Строка: 41
================
[2020-04-21 17:49:10] Текст ошибки: Страница не найдена | Файл: /var/www/html/shop/vendor/shop/core/Router.php | Строка: 41
================
[2020-04-21 17:49:11] Текст ошибки: Страница не найдена | Файл: /var/www/html/shop/vendor/shop/core/Router.php | Строка: 41
================
[2020-04-21 17:49:17] Текст ошибки: Страница не найдена | Файл: /var/www/html/shop/vendor/shop/core/Router.php | Строка: 41
================
[2020-04-21 17:49:17] Текст ошибки: Страница не найдена | Файл: /var/www/html/shop/vendor/shop/core/Router.php | Строка: 41
================
[2020-04-21 17:49:17] Текст ошибки: Страница не найдена | Файл: /var/www/html/shop/vendor/shop/core/Router.php | Строка: 41
================
[2020-04-21 17:49:17] Текст ошибки: Страница не найдена | Файл: /var/www/html/shop/vendor/shop/core/Router.php | Строка: 41
================
[2020-04-21 17:49:17] Текст ошибки: Страница не найдена | Файл: /var/www/html/shop/vendor/shop/core/Router.php | Строка: 41
================
[2020-04-21 17:49:18] Текст ошибки: Страница не найдена | Файл: /var/www/html/shop/vendor/shop/core/Router.php | Строка: 41
================
[2020-04-21 17:49:52] Текст ошибки: Страница не найдена | Файл: /var/www/html/shop/vendor/shop/core/Router.php | Строка: 41
================
[2020-04-21 17:49:52] Текст ошибки: Страница не найдена | Файл: /var/www/html/shop/vendor/shop/core/Router.php | Строка: 41
================
[2020-04-21 17:49:52] Текст ошибки: Страница не найдена | Файл: /var/www/html/shop/vendor/shop/core/Router.php | Строка: 41
================
[2020-04-21 17:49:52] Текст ошибки: Страница не найдена | Файл: /var/www/html/shop/vendor/shop/core/Router.php | Строка: 41
================
[2020-04-21 17:49:53] Текст ошибки: Страница не найдена | Файл: /var/www/html/shop/vendor/shop/core/Router.php | Строка: 41
================
[2020-04-21 17:49:53] Текст ошибки: Страница не найдена | Файл: /var/www/html/shop/vendor/shop/core/Router.php | Строка: 41
================
[2020-04-21 17:50:14] Текст ошибки: Страница не найдена | Файл: /var/www/html/shop/vendor/shop/core/Router.php | Строка: 41
================
[2020-04-21 17:50:15] Текст ошибки: Страница не найдена | Файл: /var/www/html/shop/vendor/shop/core/Router.php | Строка: 41
================
[2020-04-21 17:50:15] Текст ошибки: Страница не найдена | Файл: /var/www/html/shop/vendor/shop/core/Router.php | Строка: 41
================
[2020-04-21 17:50:15] Текст ошибки: Страница не найдена | Файл: /var/www/html/shop/vendor/shop/core/Router.php | Строка: 41
================
[2020-04-21 17:50:15] Текст ошибки: Страница не найдена | Файл: /var/www/html/shop/vendor/shop/core/Router.php | Строка: 41
================
[2020-04-21 17:50:25] Текст ошибки: Страница не найдена | Файл: /var/www/html/shop/vendor/shop/core/Router.php | Строка: 41
================
[2020-04-21 17:50:25] Текст ошибки: Страница не найдена | Файл: /var/www/html/shop/vendor/shop/core/Router.php | Строка: 41
================
[2020-04-21 17:50:25] Текст ошибки: Страница не найдена | Файл: /var/www/html/shop/vendor/shop/core/Router.php | Строка: 41
================
[2020-04-21 17:50:25] Текст ошибки: Страница не найдена | Файл: /var/www/html/shop/vendor/shop/core/Router.php | Строка: 41
================
[2020-04-21 17:50:25] Текст ошибки: Страница не найдена | Файл: /var/www/html/shop/vendor/shop/core/Router.php | Строка: 41
================
[2020-04-21 17:50:26] Текст ошибки: Страница не найдена | Файл: /var/www/html/shop/vendor/shop/core/Router.php | Строка: 41
================
[2020-04-21 17:50:53] Текст ошибки: Страница не найдена | Файл: /var/www/html/shop/vendor/shop/core/Router.php | Строка: 41
================
[2020-04-21 17:50:53] Текст ошибки: Страница не найдена | Файл: /var/www/html/shop/vendor/shop/core/Router.php | Строка: 41
================
[2020-04-21 17:50:54] Текст ошибки: Страница не найдена | Файл: /var/www/html/shop/vendor/shop/core/Router.php | Строка: 41
================
[2020-04-21 17:50:54] Текст ошибки: Страница не найдена | Файл: /var/www/html/shop/vendor/shop/core/Router.php | Строка: 41
================
[2020-04-21 17:50:54] Текст ошибки: Страница не найдена | Файл: /var/www/html/shop/vendor/shop/core/Router.php | Строка: 41
================
[2020-04-21 17:51:20] Текст ошибки: Страница не найдена | Файл: /var/www/html/shop/vendor/shop/core/Router.php | Строка: 41
================
[2020-04-21 17:51:20] Текст ошибки: Страница не найдена | Файл: /var/www/html/shop/vendor/shop/core/Router.php | Строка: 41
================
[2020-04-21 17:51:37] Текст ошибки: Страница не найдена | Файл: /var/www/html/shop/vendor/shop/core/Router.php | Строка: 41
================
[2020-04-21 17:51:37] Текст ошибки: Страница не найдена | Файл: /var/www/html/shop/vendor/shop/core/Router.php | Строка: 41
================
[2020-04-21 17:51:48] Текст ошибки: Страница не найдена | Файл: /var/www/html/shop/vendor/shop/core/Router.php | Строка: 41
================
[2020-04-21 17:51:48] Текст ошибки: Страница не найдена | Файл: /var/www/html/shop/vendor/shop/core/Router.php | Строка: 41
================
[2020-04-21 17:52:54] Текст ошибки: Страница не найдена | Файл: /var/www/html/shop/vendor/shop/core/Router.php | Строка: 41
================
[2020-04-21 17:52:55] Текст ошибки: Страница не найдена | Файл: /var/www/html/shop/vendor/shop/core/Router.php | Строка: 41
================
[2020-04-21 17:52:56] Текст ошибки: Страница не найдена | Файл: /var/www/html/shop/vendor/shop/core/Router.php | Строка: 41
================
[2020-04-21 17:52:57] Текст ошибки: Страница не найдена | Файл: /var/www/html/shop/vendor/shop/core/Router.php | Строка: 41
================
[2020-04-21 17:52:57] Текст ошибки: Страница не найдена | Файл: /var/www/html/shop/vendor/shop/core/Router.php | Строка: 41
================
[2020-04-21 17:52:58] Текст ошибки: Страница не найдена | Файл: /var/www/html/shop/vendor/shop/core/Router.php | Строка: 41
================
[2020-04-21 18:12:53] Текст ошибки: Страница не найдена | Файл: /var/www/html/shop/vendor/shop/core/Router.php | Строка: 41
================
[2020-04-21 18:18:56] Текст ошибки: Страница не найдена | Файл: /var/www/html/shop/vendor/shop/core/Router.php | Строка: 41
================
[2020-04-21 18:19:43] Текст ошибки: Страница не найдена | Файл: /var/www/html/shop/vendor/shop/core/Router.php | Строка: 41
================
[2020-04-21 18:20:01] Текст ошибки: Страница не найдена | Файл: /var/www/html/shop/vendor/shop/core/Router.php | Строка: 41
================
[2020-04-21 18:31:11] Текст ошибки: Страница не найдена | Файл: /var/www/html/shop/vendor/shop/core/Router.php | Строка: 41
================
[2020-04-21 18:33:35] Текст ошибки: Страница не найдена | Файл: /var/www/html/shop/vendor/shop/core/Router.php | Строка: 41
================
[2020-04-21 18:35:10] Текст ошибки: Страница не найдена | Файл: /var/www/html/shop/vendor/shop/core/Router.php | Строка: 41
================
[2020-04-21 18:35:12] Текст ошибки: Страница не найдена | Файл: /var/www/html/shop/vendor/shop/core/Router.php | Строка: 41
================
[2020-04-21 19:50:37] Текст ошибки: Страница не найдена | Файл: /var/www/html/shop/vendor/shop/core/Router.php | Строка: 41
================
[2020-04-21 21:02:44] Текст ошибки: Call to undefined method shop\Registry::setPropertry() | Файл: /var/www/html/shop/app/controllers/AppController.php | Строка: 15
================
[2020-04-21 21:02:45] Текст ошибки: Call to undefined method shop\Registry::setPropertry() | Файл: /var/www/html/shop/app/controllers/AppController.php | Строка: 15
================
[2020-04-21 21:05:00] Текст ошибки: Call to undefined method shop\Registry::setPropertry() | Файл: /var/www/html/shop/app/controllers/AppController.php | Строка: 15
================
[2020-04-21 21:05:01] Текст ошибки: Call to undefined method shop\Registry::setPropertry() | Файл: /var/www/html/shop/app/controllers/AppController.php | Строка: 15
================
[2020-04-21 21:33:15] Текст ошибки: Страница не найдена | Файл: /var/www/html/shop/vendor/shop/core/Router.php | Строка: 41
================
[2020-04-21 21:54:10] Текст ошибки: Class 'Currency' not found | Файл: /var/www/html/shop/app/views/layouts/watches.php | Строка: 35
================
[2020-04-21 21:58:35] Текст ошибки: Class 'Currency' not found | Файл: /var/www/html/shop/app/views/layouts/watches.php | Строка: 35
================
[2020-04-21 21:59:40] Текст ошибки: Страница не найдена | Файл: /var/www/html/shop/vendor/shop/core/Router.php | Строка: 41
================
[2020-04-21 22:04:22] Текст ошибки: Страница не найдена | Файл: /var/www/html/shop/vendor/shop/core/Router.php | Строка: 41
================
[2020-04-21 22:04:33] Текст ошибки: Страница не найдена | Файл: /var/www/html/shop/vendor/shop/core/Router.php | Строка: 41
================
[2020-04-21 22:06:20] Текст ошибки: Страница не найдена | Файл: /var/www/html/shop/vendor/shop/core/Router.php | Строка: 41
================
[2020-04-21 22:06:22] Текст ошибки: Страница не найдена | Файл: /var/www/html/shop/vendor/shop/core/Router.php | Строка: 41
================
[2020-04-21 22:07:34] Текст ошибки: Страница не найдена | Файл: /var/www/html/shop/vendor/shop/core/Router.php | Строка: 41
================
[2020-04-21 22:07:36] Текст ошибки: Страница не найдена | Файл: /var/www/html/shop/vendor/shop/core/Router.php | Строка: 41
================
[2020-04-21 22:10:54] Текст ошибки: Страница не найдена | Файл: /var/www/html/shop/vendor/shop/core/Router.php | Строка: 41
================
[2020-04-21 22:21:06] Текст ошибки: Страница не найдена | Файл: /var/www/html/shop/vendor/shop/core/Router.php | Строка: 41
================
[2020-04-21 22:22:22] Текст ошибки: Страница не найдена | Файл: /var/www/html/shop/vendor/shop/core/Router.php | Строка: 41
================
[2020-04-21 22:22:30] Текст ошибки: Страница не найдена | Файл: /var/www/html/shop/vendor/shop/core/Router.php | Строка: 41
================
[2020-04-21 22:31:05] Текст ошибки: Страница не найдена | Файл: /var/www/html/shop/vendor/shop/core/Router.php | Строка: 41
================
[2020-04-21 22:33:39] Текст ошибки: Страница не найдена | Файл: /var/www/html/shop/vendor/shop/core/Router.php | Строка: 41
================
[2020-04-21 22:37:22] Текст ошибки: Страница не найдена | Файл: /var/www/html/shop/vendor/shop/core/Router.php | Строка: 41
================
[2020-04-21 22:38:02] Текст ошибки: Call to undefined method app\controllers\CurrencyController::getView() | Файл: /var/www/html/shop/vendor/shop/core/Router.php | Строка: 33
================
[2020-04-22 00:04:26] Текст ошибки: Call to a member function findOne() on null | Файл: /var/www/html/shop/vendor/gabordemooij/redbean/RedBeanPHP/Facade.php | Строка: 1006
================
[2020-04-22 00:05:12] Текст ошибки: Call to a member function findOne() on null | Файл: /var/www/html/shop/vendor/gabordemooij/redbean/RedBeanPHP/Facade.php | Строка: 1006
================
[2020-04-22 00:07:13] Текст ошибки: Call to a member function findOne() on null | Файл: /var/www/html/shop/vendor/gabordemooij/redbean/RedBeanPHP/Facade.php | Строка: 1006
================
[2020-04-22 00:08:13] Текст ошибки: Call to a member function findOne() on null | Файл: /var/www/html/shop/vendor/gabordemooij/redbean/RedBeanPHP/Facade.php | Строка: 1006
================
[2020-04-22 00:08:18] Текст ошибки: Call to a member function findOne() on null | Файл: /var/www/html/shop/vendor/gabordemooij/redbean/RedBeanPHP/Facade.php | Строка: 1006
================
[2020-04-22 00:10:32] Текст ошибки: Call to a member function findOne() on null | Файл: /var/www/html/shop/vendor/gabordemooij/redbean/RedBeanPHP/Facade.php | Строка: 1006
================
[2020-04-22 00:11:11] Текст ошибки: Call to a member function findOne() on null | Файл: /var/www/html/shop/vendor/gabordemooij/redbean/RedBeanPHP/Facade.php | Строка: 1006
================
[2020-04-22 00:13:29] Текст ошибки: Call to a member function findOne() on null | Файл: /var/www/html/shop/vendor/gabordemooij/redbean/RedBeanPHP/Facade.php | Строка: 1006
================
[2020-04-22 00:14:12] Текст ошибки: Страница не найдена | Файл: /var/www/html/shop/vendor/shop/core/Router.php | Строка: 41
================
[2020-04-22 00:14:29] Текст ошибки: Call to a member function findOne() on null | Файл: /var/www/html/shop/vendor/gabordemooij/redbean/RedBeanPHP/Facade.php | Строка: 1006
================
[2020-04-22 00:15:06] Текст ошибки: Call to a member function findOne() on null | Файл: /var/www/html/shop/vendor/gabordemooij/redbean/RedBeanPHP/Facade.php | Строка: 1006
================
[2020-04-22 00:15:55] Текст ошибки: Call to a member function findOne() on null | Файл: /var/www/html/shop/vendor/gabordemooij/redbean/RedBeanPHP/Facade.php | Строка: 1006
================
[2020-04-22 00:16:15] Текст ошибки: Call to a member function findOne() on null | Файл: /var/www/html/shop/vendor/gabordemooij/redbean/RedBeanPHP/Facade.php | Строка: 1006
================
[2020-04-22 00:16:21] Текст ошибки: Call to a member function findOne() on null | Файл: /var/www/html/shop/vendor/gabordemooij/redbean/RedBeanPHP/Facade.php | Строка: 1006
================
[2020-04-22 00:16:49] Текст ошибки: Call to a member function findOne() on null | Файл: /var/www/html/shop/vendor/gabordemooij/redbean/RedBeanPHP/Facade.php | Строка: 1006
================
[2020-04-22 00:21:53] Текст ошибки: Call to a member function findOne() on null | Файл: /var/www/html/shop/vendor/gabordemooij/redbean/RedBeanPHP/Facade.php | Строка: 1006
================
[2020-04-22 00:22:32] Текст ошибки: Call to a member function findOne() on null | Файл: /var/www/html/shop/vendor/gabordemooij/redbean/RedBeanPHP/Facade.php | Строка: 1006
================
[2020-04-22 00:22:45] Текст ошибки: Call to a member function findOne() on null | Файл: /var/www/html/shop/vendor/gabordemooij/redbean/RedBeanPHP/Facade.php | Строка: 1006
================
[2020-04-22 00:22:54] Текст ошибки: Call to a member function findOne() on null | Файл: /var/www/html/shop/vendor/gabordemooij/redbean/RedBeanPHP/Facade.php | Строка: 1006
================
[2020-04-22 00:25:47] Текст ошибки: Call to a member function find() on null | Файл: /var/www/html/shop/vendor/gabordemooij/redbean/RedBeanPHP/Facade.php | Строка: 958
================
[2020-04-22 00:26:47] Текст ошибки: Call to a member function findOne() on null | Файл: /var/www/html/shop/vendor/gabordemooij/redbean/RedBeanPHP/Facade.php | Строка: 1006
================
[2020-04-22 00:26:56] Текст ошибки: Call to a member function findOne() on null | Файл: /var/www/html/shop/vendor/gabordemooij/redbean/RedBeanPHP/Facade.php | Строка: 1006
================
[2020-04-22 00:27:12] Текст ошибки: Call to a member function findOne() on null | Файл: /var/www/html/shop/vendor/gabordemooij/redbean/RedBeanPHP/Facade.php | Строка: 1006
================
[2020-04-22 02:17:01] Текст ошибки: Страница не найдена | Файл: /var/www/html/shop/vendor/shop/core/Router.php | Строка: 41
================
[2020-04-22 02:17:01] Текст ошибки: Call to a member function findOne() on null | Файл: /var/www/html/shop/vendor/gabordemooij/redbean/RedBeanPHP/Facade.php | Строка: 1006
================
[2020-04-22 02:17:02] Текст ошибки: Страница не найдена | Файл: /var/www/html/shop/vendor/shop/core/Router.php | Строка: 41
================
[2020-04-22 12:06:46] Текст ошибки: Call to a member function findOne() on null | Файл: /var/www/html/shop/vendor/gabordemooij/redbean/RedBeanPHP/Facade.php | Строка: 1006
================
[2020-04-22 12:07:17] Текст ошибки: Call to a member function findOne() on null | Файл: /var/www/html/shop/vendor/gabordemooij/redbean/RedBeanPHP/Facade.php | Строка: 1006
================
[2020-04-22 12:08:40] Текст ошибки: Class 'app\controllers\R' not found | Файл: /var/www/html/shop/app/controllers/CurrencyController.php | Строка: 12
================
[2020-04-22 12:31:54] Текст ошибки: Страница не найдена | Файл: /var/www/html/shop/vendor/shop/core/Router.php | Строка: 41
================
[2020-04-22 15:12:38] Текст ошибки: Unsupported operand types | Файл: /var/www/html/shop/app/views/main/index.php | Строка: 59
================
[2020-04-22 15:15:26] Текст ошибки: Страница не найдена | Файл: /var/www/html/shop/vendor/shop/core/Router.php | Строка: 41
================
[2020-04-22 15:17:15] Текст ошибки: Страница не найдена | Файл: /var/www/html/shop/vendor/shop/core/Router.php | Строка: 41
================
[2020-04-22 15:18:51] Текст ошибки: Страница не найдена | Файл: /var/www/html/shop/vendor/shop/core/Router.php | Строка: 41
================
